<?xml version="1.0" encoding="UTF-8"?>
<!-- Generated by org.testng.reporters.JUnitXMLReporter -->
<testsuite hostname="Techs-iMac.local.tld" ignored="0" name="/Users/techglobal/IdeaProjects/testng_initial_project_5/src/test/java/scripts" tests="8" failures="0" timestamp="2023-01-24T17:20:49 CST" time="38.22" errors="0">
  <testcase name="validateForgotPasswordForm" time="0.316" classname="scripts.TechGlobalForgotPasswordTest"/>
  <testcase name="validateSuccessfulEmailSubmision" time="0.25" classname="scripts.TechGlobalForgotPasswordTest"/>
  <testcase name="validateLoginFormCard" time="0.263" classname="scripts.TechGlobalLoginFormTest"/>
  <testcase name="validateLoginFormWithValidCredentials" time="0.675" classname="scripts.TechGlobalLoginFormTest"/>
  <testcase name="validateLoginLogout" time="0.38" classname="scripts.TechGlobalLoginFormTest"/>
  <testcase name="validateLoginFormWithWrongUsername" time="0.346" classname="scripts.TechGlobalLoginFormTest"/>
  <testcase name="validateLoginFormWithWrongPassword" time="0.356" classname="scripts.TechGlobalLoginFormTest"/>
  <testcase name="validateLoginFormWithInvalidCredentials" time="0.291" classname="scripts.TechGlobalLoginFormTest"/>
</testsuite> <!-- /Users/techglobal/IdeaProjects/testng_initial_project_5/src/test/java/scripts -->
